<?xml version="1.0" encoding="UTF-8"?>
<testng-results ignored="0" total="2" passed="2" failed="0" skipped="0">
  <reporter-output>
  </reporter-output>
  <suite started-at="2024-03-31T01:15:11 IST" name="Default suite" finished-at="2024-03-31T01:15:46 IST" duration-ms="35151">
    <groups>
    </groups>
    <test started-at="2024-03-31T01:15:11 IST" name="Default test" finished-at="2024-03-31T01:15:46 IST" duration-ms="35151">
      <class name="com.qa.testCases.runnerCases">
        <test-method is-config="true" signature="Dinit()[pri:0, instance:com.qa.testCases.runnerCases@7efaad5a]" started-at="2024-03-31T01:15:11 IST" name="Dinit" finished-at="2024-03-31T01:15:23 IST" duration-ms="11654" status="PASS">
          <reporter-output>
          </reporter-output>
        </test-method> <!-- Dinit -->
        <test-method signature="ClicOnDropdown()[pri:1, instance:com.qa.testCases.runnerCases@7efaad5a]" started-at="2024-03-31T01:15:23 IST" name="ClicOnDropdown" finished-at="2024-03-31T01:15:26 IST" duration-ms="3752" status="PASS">
          <reporter-output>
          </reporter-output>
        </test-method> <!-- ClicOnDropdown -->
        <test-method is-config="true" signature="dclose()[pri:0, instance:com.qa.testCases.runnerCases@7efaad5a]" started-at="2024-03-31T01:15:26 IST" name="dclose" finished-at="2024-03-31T01:15:27 IST" duration-ms="914" status="PASS">
          <reporter-output>
          </reporter-output>
        </test-method> <!-- dclose -->
        <test-method is-config="true" signature="Dinit()[pri:0, instance:com.qa.testCases.runnerCases@7efaad5a]" started-at="2024-03-31T01:15:28 IST" name="Dinit" finished-at="2024-03-31T01:15:39 IST" duration-ms="11286" status="PASS">
          <reporter-output>
          </reporter-output>
        </test-method> <!-- Dinit -->
        <test-method signature="ClickOnSearchIcon(java.lang.String)[pri:2, instance:com.qa.testCases.runnerCases@7efaad5a]" started-at="2024-03-31T01:15:39 IST" name="ClickOnSearchIcon" data-provider="getvalue1" finished-at="2024-03-31T01:15:45 IST" duration-ms="5982" status="PASS">
          <params>
            <param index="0">
              <value>
                <![CDATA[chocolate]]>
              </value>
            </param>
          </params>
          <reporter-output>
          </reporter-output>
        </test-method> <!-- ClickOnSearchIcon -->
        <test-method is-config="true" signature="dclose()[pri:0, instance:com.qa.testCases.runnerCases@7efaad5a]" started-at="2024-03-31T01:15:45 IST" name="dclose" finished-at="2024-03-31T01:15:46 IST" duration-ms="1018" status="PASS">
          <reporter-output>
          </reporter-output>
        </test-method> <!-- dclose -->
      </class> <!-- com.qa.testCases.runnerCases -->
    </test> <!-- Default test -->
  </suite> <!-- Default suite -->
</testng-results>
